<?xml version="1.0" encoding="UTF-8"?>
<!-- Generated by org.testng.reporters.JUnitXMLReporter -->
<testsuite hostname="RoshanM" ignored="0" name="Test" tests="1" failures="1" timestamp="2020-03-11T17:54:02 GMT" time="18.659" errors="0">
  <testcase name="LoginTest" time="11.754" classname="com.guru.testCases.Tc_LoginTest_001">
    <failure type="java.lang.AssertionError" message="expected [true] but found [false]">
      <![CDATA[java.lang.AssertionError: expected [true] but found [false]
at com.guru.testCases.Tc_LoginTest_001.LoginTest(Tc_LoginTest_001.java:47)
at java.util.ArrayList.forEach(Unknown Source)
... Removed 32 stack frames]]>
    </failure>
  </testcase> <!-- LoginTest -->
</testsuite> <!-- Test -->
