<?xml version="1.0" encoding="UTF-8"?>
<testng-results skipped="0" failed="0" ignored="0" total="1" passed="1">
  <reporter-output>
  </reporter-output>
  <suite name="Suite" duration-ms="14247" started-at="2020-03-13T16:32:36 GMT" finished-at="2020-03-13T16:32:50 GMT">
    <groups>
    </groups>
    <test name="Test" duration-ms="14247" started-at="2020-03-13T16:32:36 GMT" finished-at="2020-03-13T16:32:50 GMT">
      <class name="com.guru.testCases.Tc_LoginTest_001">
        <test-method status="PASS" signature="setUP(java.lang.String)[pri:0, instance:com.guru.testCases.Tc_LoginTest_001@c4039c]" name="setUP" is-config="true" duration-ms="4813" started-at="2020-03-13T16:32:37 GMT" finished-at="2020-03-13T16:32:41 GMT">
          <params>
            <param index="0">
              <value>
                <![CDATA[chrome]]>
              </value>
            </param>
          </params>
          <reporter-output>
          </reporter-output>
        </test-method> <!-- setUP -->
        <test-method status="PASS" signature="LoginTest()[pri:0, instance:com.guru.testCases.Tc_LoginTest_001@c4039c]" name="LoginTest" duration-ms="7976" started-at="2020-03-13T16:32:41 GMT" finished-at="2020-03-13T16:32:49 GMT">
          <reporter-output>
          </reporter-output>
        </test-method> <!-- LoginTest -->
        <test-method status="PASS" signature="tearDown()[pri:0, instance:com.guru.testCases.Tc_LoginTest_001@c4039c]" name="tearDown" is-config="true" duration-ms="853" started-at="2020-03-13T16:32:50 GMT" finished-at="2020-03-13T16:32:50 GMT">
          <reporter-output>
          </reporter-output>
        </test-method> <!-- tearDown -->
      </class> <!-- com.guru.testCases.Tc_LoginTest_001 -->
    </test> <!-- Test -->
  </suite> <!-- Suite -->
</testng-results>
